Build started 2018-12-19 12:43:03 PM.
     1>Project "C:\Users\AF\MECH-415-Project\3DOF_Robot_Project\Main Folder\Vertices.vcxproj" on node 2 (Rebuild target(s)).
     1>ClCompile:
         C:\Program Files (x86)\Microsoft Visual Studio 12.0\VC\bin\CL.exe /c /I..\..\..\common /ZI /nologo /W3 /WX- /Od /Oy- /D WIN32 /D _DEBUG /D _WINDOWS /D _MBCS /Gm /EHsc /MTd /GS /fp:precise /Zc:wchar_t /Zc:forScope /Fo"Debug\\" /Fd"Debug\vc120.pdb" /Gd /TP /analyze- /errorReport:prompt draw_3D_graphics.cpp graphic_setup.cpp my_project.cpp ran.cpp rotation.cpp timer.cpp
         timer.cpp
         rotation.cpp
         ran.cpp
         my_project.cpp
     1>c:\users\af\mech-415-project\3dof_robot_project\main folder\my_project.cpp(168): error C2143: syntax error : missing ';' before '<<'
     1>c:\users\af\mech-415-project\3dof_robot_project\main folder\my_project.cpp(175): error C2143: syntax error : missing ';' before '=='
     1>c:\users\af\mech-415-project\3dof_robot_project\main folder\my_project.cpp(183): error C2143: syntax error : missing ';' before '>>'
     1>c:\users\af\mech-415-project\3dof_robot_project\main folder\my_project.cpp(183): error C2059: syntax error : 'bad suffix on number'
     1>c:\users\af\mech-415-project\3dof_robot_project\main folder\my_project.cpp(195): error C2065: 'i' : undeclared identifier
     1>c:\users\af\mech-415-project\3dof_robot_project\main folder\my_project.cpp(195): error C2143: syntax error : missing ';' before ')'
     1>c:\users\af\mech-415-project\3dof_robot_project\main folder\my_project.cpp(196): error C2143: syntax error : missing ';' before '{'
     1>c:\users\af\mech-415-project\3dof_robot_project\main folder\my_project.cpp(197): error C2065: 'i' : undeclared identifier
     1>c:\users\af\mech-415-project\3dof_robot_project\main folder\my_project.cpp(455): error C2143: syntax error : missing ';' before '<<'
     1>c:\users\af\mech-415-project\3dof_robot_project\main folder\my_project.cpp(460): error C2143: syntax error : missing ';' before '=='
     1>c:\users\af\mech-415-project\3dof_robot_project\main folder\my_project.cpp(461): error C2059: syntax error : 'bad suffix on number'
     1>c:\users\af\mech-415-project\3dof_robot_project\main folder\my_project.cpp(464): error C2059: syntax error : '}'
     1>c:\users\af\mech-415-project\3dof_robot_project\main folder\my_project.cpp(464): error C2143: syntax error : missing ';' before '}'
         graphic_setup.cpp
         draw_3D_graphics.cpp
         Generating Code...
     1>Done Building Project "C:\Users\AF\MECH-415-Project\3DOF_Robot_Project\Main Folder\Vertices.vcxproj" (Rebuild target(s)) -- FAILED.

Build FAILED.

Time Elapsed 00:00:05.29
